This is pdfTeX, Version 3.14159265-2.6-1.40.21 (TeX Live 2020/W32TeX) (preloaded format=pdflatex 2020.12.6)  10 NOV 2021 11:20
entering extended mode
 restricted \write18 enabled.
 %&-line parsing enabled.
**fair_slides.tex
(./fair_slides.tex
LaTeX2e <2020-10-01> patch level 2
L3 programming layer <2020-12-03> xparse <2020-03-03>
(e:/software/texlive/2020/texmf-dist/tex/latex/beamer/beamer.cls
Document Class: beamer 2020/07/22 v3.59 A class for typesetting presentations
(e:/software/texlive/2020/texmf-dist/tex/latex/beamer/beamerbasemodes.sty
(e:/software/texlive/2020/texmf-dist/tex/latex/etoolbox/etoolbox.sty
Package: etoolbox 2020/10/05 v2.5k e-TeX tools for LaTeX (JAW)
\etb@tempcnta=\count177
)
\beamer@tempbox=\box47
\beamer@tempcount=\count178
\c@beamerpauses=\count179

(e:/software/texlive/2020/texmf-dist/tex/latex/beamer/beamerbasedecode.sty
\beamer@slideinframe=\count180
\beamer@minimum=\count181
\beamer@decode@box=\box48
)
\beamer@commentbox=\box49
\beamer@modecount=\count182
)
(e:/software/texlive/2020/texmf-dist/tex/generic/iftex/ifpdf.sty
Package: ifpdf 2019/10/25 v3.4 ifpdf legacy package. Use iftex instead.

(e:/software/texlive/2020/texmf-dist/tex/generic/iftex/iftex.sty
Package: iftex 2020/03/06 v1.0d TeX engine tests
))
\headdp=\dimen138
\footheight=\dimen139
\sidebarheight=\dimen140
\beamer@tempdim=\dimen141
\beamer@finalheight=\dimen142
\beamer@animht=\dimen143
\beamer@animdp=\dimen144
\beamer@animwd=\dimen145
\beamer@leftmargin=\dimen146
\beamer@rightmargin=\dimen147
\beamer@leftsidebar=\dimen148
\beamer@rightsidebar=\dimen149
\beamer@boxsize=\dimen150
\beamer@vboxoffset=\dimen151
\beamer@descdefault=\dimen152
\beamer@descriptionwidth=\dimen153
\beamer@lastskip=\skip47
\beamer@areabox=\box50
\beamer@animcurrent=\box51
\beamer@animshowbox=\box52
\beamer@sectionbox=\box53
\beamer@logobox=\box54
\beamer@linebox=\box55
\beamer@sectioncount=\count183
\beamer@subsubsectionmax=\count184
\beamer@subsectionmax=\count185
\beamer@sectionmax=\count186
\beamer@totalheads=\count187
\beamer@headcounter=\count188
\beamer@partstartpage=\count189
\beamer@sectionstartpage=\count190
\beamer@subsectionstartpage=\count191
\beamer@animationtempa=\count192
\beamer@animationtempb=\count193
\beamer@xpos=\count194
\beamer@ypos=\count195
\beamer@ypos@offset=\count196
\beamer@showpartnumber=\count197
\beamer@currentsubsection=\count198
\beamer@coveringdepth=\count199
\beamer@sectionadjust=\count266
\beamer@tocsectionnumber=\count267

(e:/software/texlive/2020/texmf-dist/tex/latex/beamer/beamerbaseoptions.sty
(e:/software/texlive/2020/texmf-dist/tex/latex/graphics/keyval.sty
Package: keyval 2014/10/28 v1.15 key=value parser (DPC)
\KV@toks@=\toks15
))
\beamer@paperwidth=\skip48
\beamer@paperheight=\skip49

(e:/software/texlive/2020/texmf-dist/tex/latex/geometry/geometry.sty
Package: geometry 2020/01/02 v5.9 Page Geometry

(e:/software/texlive/2020/texmf-dist/tex/generic/iftex/ifvtex.sty
Package: ifvtex 2019/10/25 v1.7 ifvtex legacy package. Use iftex instead.
)
\Gm@cnth=\count268
\Gm@cntv=\count269
\c@Gm@tempcnt=\count270
\Gm@bindingoffset=\dimen154
\Gm@wd@mp=\dimen155
\Gm@odd@mp=\dimen156
\Gm@even@mp=\dimen157
\Gm@layoutwidth=\dimen158
\Gm@layoutheight=\dimen159
\Gm@layouthoffset=\dimen160
\Gm@layoutvoffset=\dimen161
\Gm@dimlist=\toks16
)
(e:/software/texlive/2020/texmf-dist/tex/latex/base/size11.clo
File: size11.clo 2020/04/10 v1.4m Standard LaTeX file (size option)
)
(e:/software/texlive/2020/texmf-dist/tex/latex/pgf/basiclayer/pgfcore.sty
(e:/software/texlive/2020/texmf-dist/tex/latex/graphics/graphicx.sty
Package: graphicx 2020/09/09 v1.2b Enhanced LaTeX Graphics (DPC,SPQR)

(e:/software/texlive/2020/texmf-dist/tex/latex/graphics/graphics.sty
Package: graphics 2020/08/30 v1.4c Standard LaTeX Graphics (DPC,SPQR)

(e:/software/texlive/2020/texmf-dist/tex/latex/graphics/trig.sty
Package: trig 2016/01/03 v1.10 sin cos tan (DPC)
)
(e:/software/texlive/2020/texmf-dist/tex/latex/graphics-cfg/graphics.cfg
File: graphics.cfg 2016/06/04 v1.11 sample graphics configuration
)
Package graphics Info: Driver file: pdftex.def on input line 105.

(e:/software/texlive/2020/texmf-dist/tex/latex/graphics-def/pdftex.def
File: pdftex.def 2020/10/05 v1.2a Graphics/color driver for pdftex
))
\Gin@req@height=\dimen162
\Gin@req@width=\dimen163
)
(e:/software/texlive/2020/texmf-dist/tex/latex/pgf/systemlayer/pgfsys.sty
(e:/software/texlive/2020/texmf-dist/tex/latex/pgf/utilities/pgfrcs.sty
(e:/software/texlive/2020/texmf-dist/tex/generic/pgf/utilities/pgfutil-common.t
ex
\pgfutil@everybye=\toks17
\pgfutil@tempdima=\dimen164
\pgfutil@tempdimb=\dimen165

(e:/software/texlive/2020/texmf-dist/tex/generic/pgf/utilities/pgfutil-common-l
ists.tex))
(e:/software/texlive/2020/texmf-dist/tex/generic/pgf/utilities/pgfutil-latex.de
f
\pgfutil@abb=\box56
)
(e:/software/texlive/2020/texmf-dist/tex/generic/pgf/utilities/pgfrcs.code.tex
(e:/software/texlive/2020/texmf-dist/tex/generic/pgf/pgf.revision.tex)
Package: pgfrcs 2020/12/01 v3.1.7a (3.1.7a)
))
(e:/software/texlive/2020/texmf-dist/tex/generic/pgf/systemlayer/pgfsys.code.te
x
Package: pgfsys 2020/12/01 v3.1.7a (3.1.7a)

(e:/software/texlive/2020/texmf-dist/tex/generic/pgf/utilities/pgfkeys.code.tex
\pgfkeys@pathtoks=\toks18
\pgfkeys@temptoks=\toks19

(e:/software/texlive/2020/texmf-dist/tex/generic/pgf/utilities/pgfkeysfiltered.
code.tex
\pgfkeys@tmptoks=\toks20
))
\pgf@x=\dimen166
\pgf@y=\dimen167
\pgf@xa=\dimen168
\pgf@ya=\dimen169
\pgf@xb=\dimen170
\pgf@yb=\dimen171
\pgf@xc=\dimen172
\pgf@yc=\dimen173
\pgf@xd=\dimen174
\pgf@yd=\dimen175
\w@pgf@writea=\write3
\r@pgf@reada=\read2
\c@pgf@counta=\count271
\c@pgf@countb=\count272
\c@pgf@countc=\count273
\c@pgf@countd=\count274
\t@pgf@toka=\toks21
\t@pgf@tokb=\toks22
\t@pgf@tokc=\toks23
\pgf@sys@id@count=\count275

(e:/software/texlive/2020/texmf-dist/tex/generic/pgf/systemlayer/pgf.cfg
File: pgf.cfg 2020/12/01 v3.1.7a (3.1.7a)
)
Driver file for pgf: pgfsys-pdftex.def

(e:/software/texlive/2020/texmf-dist/tex/generic/pgf/systemlayer/pgfsys-pdftex.
def
File: pgfsys-pdftex.def 2020/12/01 v3.1.7a (3.1.7a)

(e:/software/texlive/2020/texmf-dist/tex/generic/pgf/systemlayer/pgfsys-common-
pdf.def
File: pgfsys-common-pdf.def 2020/12/01 v3.1.7a (3.1.7a)
)))
(e:/software/texlive/2020/texmf-dist/tex/generic/pgf/systemlayer/pgfsyssoftpath
.code.tex
File: pgfsyssoftpath.code.tex 2020/12/01 v3.1.7a (3.1.7a)
\pgfsyssoftpath@smallbuffer@items=\count276
\pgfsyssoftpath@bigbuffer@items=\count277
)
(e:/software/texlive/2020/texmf-dist/tex/generic/pgf/systemlayer/pgfsysprotocol
.code.tex
File: pgfsysprotocol.code.tex 2020/12/01 v3.1.7a (3.1.7a)
)) (e:/software/texlive/2020/texmf-dist/tex/latex/xcolor/xcolor.sty
Package: xcolor 2016/05/11 v2.12 LaTeX color extensions (UK)

(e:/software/texlive/2020/texmf-dist/tex/latex/graphics-cfg/color.cfg
File: color.cfg 2016/01/02 v1.6 sample color configuration
)
Package xcolor Info: Driver file: pdftex.def on input line 225.
Package xcolor Info: Model `cmy' substituted by `cmy0' on input line 1348.
Package xcolor Info: Model `hsb' substituted by `rgb' on input line 1352.
Package xcolor Info: Model `RGB' extended on input line 1364.
Package xcolor Info: Model `HTML' substituted by `rgb' on input line 1366.
Package xcolor Info: Model `Hsb' substituted by `hsb' on input line 1367.
Package xcolor Info: Model `tHsb' substituted by `hsb' on input line 1368.
Package xcolor Info: Model `HSB' substituted by `hsb' on input line 1369.
Package xcolor Info: Model `Gray' substituted by `gray' on input line 1370.
Package xcolor Info: Model `wave' substituted by `hsb' on input line 1371.
)
(e:/software/texlive/2020/texmf-dist/tex/generic/pgf/basiclayer/pgfcore.code.te
x
Package: pgfcore 2020/12/01 v3.1.7a (3.1.7a)
 (e:/software/texlive/2020/texmf-dist/tex/generic/pgf/math/pgfmath.code.tex
(e:/software/texlive/2020/texmf-dist/tex/generic/pgf/math/pgfmathcalc.code.tex
(e:/software/texlive/2020/texmf-dist/tex/generic/pgf/math/pgfmathutil.code.tex)

(e:/software/texlive/2020/texmf-dist/tex/generic/pgf/math/pgfmathparser.code.te
x
\pgfmath@dimen=\dimen176
\pgfmath@count=\count278
\pgfmath@box=\box57
\pgfmath@toks=\toks24
\pgfmath@stack@operand=\toks25
\pgfmath@stack@operation=\toks26
)
(e:/software/texlive/2020/texmf-dist/tex/generic/pgf/math/pgfmathfunctions.code
.tex
(e:/software/texlive/2020/texmf-dist/tex/generic/pgf/math/pgfmathfunctions.basi
c.code.tex)
(e:/software/texlive/2020/texmf-dist/tex/generic/pgf/math/pgfmathfunctions.trig
onometric.code.tex)
(e:/software/texlive/2020/texmf-dist/tex/generic/pgf/math/pgfmathfunctions.rand
om.code.tex)
(e:/software/texlive/2020/texmf-dist/tex/generic/pgf/math/pgfmathfunctions.comp
arison.code.tex)
(e:/software/texlive/2020/texmf-dist/tex/generic/pgf/math/pgfmathfunctions.base
.code.tex)
(e:/software/texlive/2020/texmf-dist/tex/generic/pgf/math/pgfmathfunctions.roun
d.code.tex)
(e:/software/texlive/2020/texmf-dist/tex/generic/pgf/math/pgfmathfunctions.misc
.code.tex)
(e:/software/texlive/2020/texmf-dist/tex/generic/pgf/math/pgfmathfunctions.inte
gerarithmetics.code.tex)))
(e:/software/texlive/2020/texmf-dist/tex/generic/pgf/math/pgfmathfloat.code.tex
\c@pgfmathroundto@lastzeros=\count279
)) (e:/software/texlive/2020/texmf-dist/tex/generic/pgf/math/pgfint.code.tex)
(e:/software/texlive/2020/texmf-dist/tex/generic/pgf/basiclayer/pgfcorepoints.c
ode.tex
File: pgfcorepoints.code.tex 2020/12/01 v3.1.7a (3.1.7a)
\pgf@picminx=\dimen177
\pgf@picmaxx=\dimen178
\pgf@picminy=\dimen179
\pgf@picmaxy=\dimen180
\pgf@pathminx=\dimen181
\pgf@pathmaxx=\dimen182
\pgf@pathminy=\dimen183
\pgf@pathmaxy=\dimen184
\pgf@xx=\dimen185
\pgf@xy=\dimen186
\pgf@yx=\dimen187
\pgf@yy=\dimen188
\pgf@zx=\dimen189
\pgf@zy=\dimen190
)
(e:/software/texlive/2020/texmf-dist/tex/generic/pgf/basiclayer/pgfcorepathcons
truct.code.tex
File: pgfcorepathconstruct.code.tex 2020/12/01 v3.1.7a (3.1.7a)
\pgf@path@lastx=\dimen191
\pgf@path@lasty=\dimen192
)
(e:/software/texlive/2020/texmf-dist/tex/generic/pgf/basiclayer/pgfcorepathusag
e.code.tex
File: pgfcorepathusage.code.tex 2020/12/01 v3.1.7a (3.1.7a)
\pgf@shorten@end@additional=\dimen193
\pgf@shorten@start@additional=\dimen194
)
(e:/software/texlive/2020/texmf-dist/tex/generic/pgf/basiclayer/pgfcorescopes.c
ode.tex
File: pgfcorescopes.code.tex 2020/12/01 v3.1.7a (3.1.7a)
\pgfpic=\box58
\pgf@hbox=\box59
\pgf@layerbox@main=\box60
\pgf@picture@serial@count=\count280
)
(e:/software/texlive/2020/texmf-dist/tex/generic/pgf/basiclayer/pgfcoregraphics
tate.code.tex
File: pgfcoregraphicstate.code.tex 2020/12/01 v3.1.7a (3.1.7a)
\pgflinewidth=\dimen195
)
(e:/software/texlive/2020/texmf-dist/tex/generic/pgf/basiclayer/pgfcoretransfor
mations.code.tex
File: pgfcoretransformations.code.tex 2020/12/01 v3.1.7a (3.1.7a)
\pgf@pt@x=\dimen196
\pgf@pt@y=\dimen197
\pgf@pt@temp=\dimen198
)
(e:/software/texlive/2020/texmf-dist/tex/generic/pgf/basiclayer/pgfcorequick.co
de.tex
File: pgfcorequick.code.tex 2020/12/01 v3.1.7a (3.1.7a)
)
(e:/software/texlive/2020/texmf-dist/tex/generic/pgf/basiclayer/pgfcoreobjects.
code.tex
File: pgfcoreobjects.code.tex 2020/12/01 v3.1.7a (3.1.7a)
)
(e:/software/texlive/2020/texmf-dist/tex/generic/pgf/basiclayer/pgfcorepathproc
essing.code.tex
File: pgfcorepathprocessing.code.tex 2020/12/01 v3.1.7a (3.1.7a)
)
(e:/software/texlive/2020/texmf-dist/tex/generic/pgf/basiclayer/pgfcorearrows.c
ode.tex
File: pgfcorearrows.code.tex 2020/12/01 v3.1.7a (3.1.7a)
\pgfarrowsep=\dimen199
)
(e:/software/texlive/2020/texmf-dist/tex/generic/pgf/basiclayer/pgfcoreshade.co
de.tex
File: pgfcoreshade.code.tex 2020/12/01 v3.1.7a (3.1.7a)
\pgf@max=\dimen256
\pgf@sys@shading@range@num=\count281
\pgf@shadingcount=\count282
)
(e:/software/texlive/2020/texmf-dist/tex/generic/pgf/basiclayer/pgfcoreimage.co
de.tex
File: pgfcoreimage.code.tex 2020/12/01 v3.1.7a (3.1.7a)

(e:/software/texlive/2020/texmf-dist/tex/generic/pgf/basiclayer/pgfcoreexternal
.code.tex
File: pgfcoreexternal.code.tex 2020/12/01 v3.1.7a (3.1.7a)
\pgfexternal@startupbox=\box61
))
(e:/software/texlive/2020/texmf-dist/tex/generic/pgf/basiclayer/pgfcorelayers.c
ode.tex
File: pgfcorelayers.code.tex 2020/12/01 v3.1.7a (3.1.7a)
)
(e:/software/texlive/2020/texmf-dist/tex/generic/pgf/basiclayer/pgfcoretranspar
ency.code.tex
File: pgfcoretransparency.code.tex 2020/12/01 v3.1.7a (3.1.7a)
)
(e:/software/texlive/2020/texmf-dist/tex/generic/pgf/basiclayer/pgfcorepatterns
.code.tex
File: pgfcorepatterns.code.tex 2020/12/01 v3.1.7a (3.1.7a)
)
(e:/software/texlive/2020/texmf-dist/tex/generic/pgf/basiclayer/pgfcorerdf.code
.tex
File: pgfcorerdf.code.tex 2020/12/01 v3.1.7a (3.1.7a)
)))
(e:/software/texlive/2020/texmf-dist/tex/latex/pgf/utilities/xxcolor.sty
Package: xxcolor 2003/10/24 ver 0.1
\XC@nummixins=\count283
\XC@countmixins=\count284
)
(e:/software/texlive/2020/texmf-dist/tex/latex/base/atbegshi-ltx.sty
Package: atbegshi-ltx 2020/08/17 v1.0a Emulation of the original atbegshi packa
ge
with kernel methods
)
(e:/software/texlive/2020/texmf-dist/tex/latex/hyperref/hyperref.sty
Package: hyperref 2020-05-15 v7.00e Hypertext links for LaTeX

(e:/software/texlive/2020/texmf-dist/tex/generic/ltxcmds/ltxcmds.sty
Package: ltxcmds 2020-05-10 v1.25 LaTeX kernel commands for general use (HO)
)
(e:/software/texlive/2020/texmf-dist/tex/generic/pdftexcmds/pdftexcmds.sty
Package: pdftexcmds 2020-06-27 v0.33 Utility functions of pdfTeX for LuaTeX (HO
)

(e:/software/texlive/2020/texmf-dist/tex/generic/infwarerr/infwarerr.sty
Package: infwarerr 2019/12/03 v1.5 Providing info/warning/error messages (HO)
)
Package pdftexcmds Info: \pdf@primitive is available.
Package pdftexcmds Info: \pdf@ifprimitive is available.
Package pdftexcmds Info: \pdfdraftmode found.
)
(e:/software/texlive/2020/texmf-dist/tex/generic/kvsetkeys/kvsetkeys.sty
Package: kvsetkeys 2019/12/15 v1.18 Key value parser (HO)
)
(e:/software/texlive/2020/texmf-dist/tex/generic/kvdefinekeys/kvdefinekeys.sty
Package: kvdefinekeys 2019-12-19 v1.6 Define keys (HO)
) (e:/software/texlive/2020/texmf-dist/tex/generic/pdfescape/pdfescape.sty
Package: pdfescape 2019/12/09 v1.15 Implements pdfTeX's escape features (HO)
)
(e:/software/texlive/2020/texmf-dist/tex/latex/hycolor/hycolor.sty
Package: hycolor 2020-01-27 v1.10 Color options for hyperref/bookmark (HO)
)
(e:/software/texlive/2020/texmf-dist/tex/latex/letltxmacro/letltxmacro.sty
Package: letltxmacro 2019/12/03 v1.6 Let assignment for LaTeX macros (HO)
)
(e:/software/texlive/2020/texmf-dist/tex/latex/auxhook/auxhook.sty
Package: auxhook 2019-12-17 v1.6 Hooks for auxiliary files (HO)
)
(e:/software/texlive/2020/texmf-dist/tex/latex/kvoptions/kvoptions.sty
Package: kvoptions 2020-10-07 v3.14 Key value format for package options (HO)
)
\@linkdim=\dimen257
\Hy@linkcounter=\count285
\Hy@pagecounter=\count286

(e:/software/texlive/2020/texmf-dist/tex/latex/hyperref/pd1enc.def
File: pd1enc.def 2020-05-15 v7.00e Hyperref: PDFDocEncoding definition (HO)
Now handling font encoding PD1 ...
... no UTF-8 mapping file for font encoding PD1
)
(e:/software/texlive/2020/texmf-dist/tex/generic/intcalc/intcalc.sty
Package: intcalc 2019/12/15 v1.3 Expandable calculations with integers (HO)
)
(e:/software/texlive/2020/texmf-dist/tex/generic/etexcmds/etexcmds.sty
Package: etexcmds 2019/12/15 v1.7 Avoid name clashes with e-TeX commands (HO)
)
\Hy@SavedSpaceFactor=\count287
Package hyperref Info: Option `bookmarks' set `true' on input line 4338.
Package hyperref Info: Option `bookmarksopen' set `true' on input line 4338.
Package hyperref Info: Option `implicit' set `false' on input line 4338.
Package hyperref Info: Hyper figures OFF on input line 4464.
Package hyperref Info: Link nesting OFF on input line 4469.
Package hyperref Info: Hyper index ON on input line 4472.
Package hyperref Info: Plain pages OFF on input line 4479.
Package hyperref Info: Backreferencing OFF on input line 4484.
Package hyperref Info: Implicit mode OFF; no redefinition of LaTeX internals.
Package hyperref Info: Bookmarks ON on input line 4717.
\c@Hy@tempcnt=\count288

(e:/software/texlive/2020/texmf-dist/tex/latex/url/url.sty
\Urlmuskip=\muskip16
Package: url 2013/09/16  ver 3.4  Verb mode for urls, etc.
)
LaTeX Info: Redefining \url on input line 5076.
\XeTeXLinkMargin=\dimen258

(e:/software/texlive/2020/texmf-dist/tex/generic/bitset/bitset.sty
Package: bitset 2019/12/09 v1.3 Handle bit-vector datatype (HO)

(e:/software/texlive/2020/texmf-dist/tex/generic/bigintcalc/bigintcalc.sty
Package: bigintcalc 2019/12/15 v1.5 Expandable calculations on big integers (HO
)
))
\Fld@menulength=\count289
\Field@Width=\dimen259
\Fld@charsize=\dimen260
Package hyperref Info: Hyper figures OFF on input line 6347.
Package hyperref Info: Link nesting OFF on input line 6352.
Package hyperref Info: Hyper index ON on input line 6355.
Package hyperref Info: backreferencing OFF on input line 6362.
Package hyperref Info: Link coloring OFF on input line 6367.
Package hyperref Info: Link coloring with OCG OFF on input line 6372.
Package hyperref Info: PDF/A mode OFF on input line 6377.
LaTeX Info: Redefining \ref on input line 6417.
LaTeX Info: Redefining \pageref on input line 6421.
\Hy@abspage=\count290


Package hyperref Message: Stopped early.

)
Package hyperref Info: Driver (autodetected): hpdftex.
 (e:/software/texlive/2020/texmf-dist/tex/latex/hyperref/hpdftex.def
File: hpdftex.def 2020-05-15 v7.00e Hyperref driver for pdfTeX

(e:/software/texlive/2020/texmf-dist/tex/latex/base/atveryend-ltx.sty
Package: atveryend-ltx 2020/08/19 v1.0a Emulation of the original atvery packag
e
with kernel methods
)
\Fld@listcount=\count291
\c@bookmark@seq@number=\count292

(e:/software/texlive/2020/texmf-dist/tex/latex/rerunfilecheck/rerunfilecheck.st
y
Package: rerunfilecheck 2019/12/05 v1.9 Rerun checks for auxiliary files (HO)

(e:/software/texlive/2020/texmf-dist/tex/generic/uniquecounter/uniquecounter.st
y
Package: uniquecounter 2019/12/15 v1.4 Provide unlimited unique counter (HO)
)
Package uniquecounter Info: New unique counter `rerunfilecheck' on input line 2
86.
))
(e:/software/texlive/2020/texmf-dist/tex/latex/beamer/beamerbaserequires.sty
(e:/software/texlive/2020/texmf-dist/tex/latex/beamer/beamerbasecompatibility.s
ty) (e:/software/texlive/2020/texmf-dist/tex/latex/beamer/beamerbasefont.sty
(e:/software/texlive/2020/texmf-dist/tex/latex/amsfonts/amssymb.sty
Package: amssymb 2013/01/14 v3.01 AMS font symbols

(e:/software/texlive/2020/texmf-dist/tex/latex/amsfonts/amsfonts.sty
Package: amsfonts 2013/01/14 v3.01 Basic AMSFonts support
\@emptytoks=\toks27
\symAMSa=\mathgroup4
\symAMSb=\mathgroup5
LaTeX Font Info:    Redeclaring math symbol \hbar on input line 98.
LaTeX Font Info:    Overwriting math alphabet `\mathfrak' in version `bold'
(Font)                  U/euf/m/n --> U/euf/b/n on input line 106.
))
(e:/software/texlive/2020/texmf-dist/tex/latex/sansmathaccent/sansmathaccent.st
y
Package: sansmathaccent 2020/01/31
 (e:/software/texlive/2020/texmf-dist/tex/latex/koma-script/scrlfile.sty
Package: scrlfile 2020/09/21 v3.32 KOMA-Script package (file load hooks)

(e:/software/texlive/2020/texmf-dist/tex/latex/koma-script/scrlfile-hook.sty
Package: scrlfile-hook 2020/09/21 v3.32 KOMA-Script package (using LaTeX hooks)


LaTeX3 Info: Defining command \BeforeFile with sig. 'm' on line 61.


LaTeX3 Info: Defining command \AfterFile with sig. 'm' on line 65.


LaTeX3 Info: Defining command \BeforeClass with sig. 'm' on line 69.


LaTeX3 Info: Defining command \BeforePackage with sig. 'm' on line 73.


LaTeX3 Info: Defining command \AfterAtEndOfClass with sig. 'smo+m' on line 83.


LaTeX3 Info: Defining command \AfterAtEndOfPackage with sig. 'smo+m' on line
(LaTeX3)     93.


LaTeX3 Info: Defining command \scrlfile@AfterClass with sig. 'smo+m' on line
(LaTeX3)     173.


LaTeX3 Info: Defining command \AfterClass with sig. '' on line 174.


LaTeX3 Info: Defining command \scrlfile@AfterPackage with sig. 'smo+m' on line
(LaTeX3)     191.


LaTeX3 Info: Defining command \AfterPackage with sig. '' on line 192.


LaTeX3 Info: Defining command \ReplaceInput with sig. '' on line 193.


LaTeX3 Info: Defining command \ReplaceClass with sig. 'mm' on line 196.


LaTeX3 Info: Defining command \ReplacePackage with sig. 'mm' on line 199.


LaTeX3 Info: Defining command \UnReplaceInput with sig. '' on line 200.


LaTeX3 Info: Defining command \UnReplaceClass with sig. 'm' on line 203.


LaTeX3 Info: Defining command \UnReplacePackage with sig. 'mm' on line 206.


LaTeX3 Info: Defining command \PreventPackageFromLoading with sig. 's+om' on
(LaTeX3)     line 234.


LaTeX3 Info: Defining command \StorePreventPackageFromLoading with sig. 'm' on
(LaTeX3)     line 242.


LaTeX3 Info: Defining command \ResetPreventPackageFromLoading with sig. '' on
(LaTeX3)     line 247.


LaTeX3 Info: Defining command \UnPreventPackageFromLoading with sig. 'sm' on
(LaTeX3)     line 261.


LaTeX3 Info: Defining command \BeforeClosingMainAux with sig. 'om' on line
(LaTeX3)     274.


LaTeX3 Info: Defining command \AfterReadingMainAux with sig. 'om' on line 287.


LaTeX3 Info: Defining command \protected@immediate@write with sig. 'm+m+m' on
(LaTeX3)     line 298.


(e:/software/texlive/2020/texmf-dist/tex/latex/koma-script/scrlogo.sty
Package: scrlogo 2020/09/21 v3.32 KOMA-Script package (logo)
)))))
(e:/software/texlive/2020/texmf-dist/tex/latex/beamer/beamerbasetranslator.sty
(e:/software/texlive/2020/texmf-dist/tex/latex/translator/translator.sty
Package: translator 2020-08-03 v1.12c Easy translation of strings in LaTeX
))
(e:/software/texlive/2020/texmf-dist/tex/latex/beamer/beamerbasemisc.sty)
(e:/software/texlive/2020/texmf-dist/tex/latex/beamer/beamerbasetwoscreens.sty)
(e:/software/texlive/2020/texmf-dist/tex/latex/beamer/beamerbaseoverlay.sty
\beamer@argscount=\count293
\beamer@lastskipcover=\skip50
\beamer@trivlistdepth=\count294
)
(e:/software/texlive/2020/texmf-dist/tex/latex/beamer/beamerbasetitle.sty)
(e:/software/texlive/2020/texmf-dist/tex/latex/beamer/beamerbasesection.sty
\c@lecture=\count295
\c@part=\count296
\c@section=\count297
\c@subsection=\count298
\c@subsubsection=\count299
)
(e:/software/texlive/2020/texmf-dist/tex/latex/beamer/beamerbaseframe.sty
\beamer@framebox=\box62
\beamer@frametitlebox=\box63
\beamer@zoombox=\box64
\beamer@zoomcount=\count300
\beamer@zoomframecount=\count301
\beamer@frametextheight=\dimen261
\c@subsectionslide=\count302
\beamer@frametopskip=\skip51
\beamer@framebottomskip=\skip52
\beamer@frametopskipautobreak=\skip53
\beamer@framebottomskipautobreak=\skip54
\beamer@envbody=\toks28
\framewidth=\dimen262
\c@framenumber=\count303
)
(e:/software/texlive/2020/texmf-dist/tex/latex/beamer/beamerbaseverbatim.sty
\beamer@verbatimfileout=\write4
)
(e:/software/texlive/2020/texmf-dist/tex/latex/beamer/beamerbaseframesize.sty
\beamer@splitbox=\box65
\beamer@autobreakcount=\count304
\beamer@autobreaklastheight=\dimen263
\beamer@frametitletoks=\toks29
\beamer@framesubtitletoks=\toks30
)
(e:/software/texlive/2020/texmf-dist/tex/latex/beamer/beamerbaseframecomponents
.sty
\beamer@footins=\box66
) (e:/software/texlive/2020/texmf-dist/tex/latex/beamer/beamerbasecolor.sty) (e
:/software/texlive/2020/texmf-dist/tex/latex/beamer/beamerbasenotes.sty
\beamer@frameboxcopy=\box67
)
(e:/software/texlive/2020/texmf-dist/tex/latex/beamer/beamerbasetoc.sty)
(e:/software/texlive/2020/texmf-dist/tex/latex/beamer/beamerbasetemplates.sty
\beamer@sbttoks=\toks31

(e:/software/texlive/2020/texmf-dist/tex/latex/beamer/beamerbaseauxtemplates.st
y (e:/software/texlive/2020/texmf-dist/tex/latex/beamer/beamerbaseboxes.sty
\bmb@box=\box68
\bmb@colorbox=\box69
\bmb@boxshadow=\box70
\bmb@boxshadowball=\box71
\bmb@boxshadowballlarge=\box72
\bmb@temp=\dimen264
\bmb@dima=\dimen265
\bmb@dimb=\dimen266
\bmb@prevheight=\dimen267
)
\beamer@blockheadheight=\dimen268
))
(e:/software/texlive/2020/texmf-dist/tex/latex/beamer/beamerbaselocalstructure.
sty (e:/software/texlive/2020/texmf-dist/tex/latex/tools/enumerate.sty
Package: enumerate 2015/07/23 v3.00 enumerate extensions (DPC)
\@enLab=\toks32
)
\c@figure=\count305
\c@table=\count306
\abovecaptionskip=\skip55
\belowcaptionskip=\skip56
)
(e:/software/texlive/2020/texmf-dist/tex/latex/beamer/beamerbasenavigation.sty
\beamer@section@min@dim=\dimen269
) (e:/software/texlive/2020/texmf-dist/tex/latex/beamer/beamerbasetheorems.sty
(e:/software/texlive/2020/texmf-dist/tex/latex/amsmath/amsmath.sty
Package: amsmath 2020/09/23 v2.17i AMS math features
\@mathmargin=\skip57

For additional information on amsmath, use the `?' option.
(e:/software/texlive/2020/texmf-dist/tex/latex/amsmath/amstext.sty
Package: amstext 2000/06/29 v2.01 AMS text

(e:/software/texlive/2020/texmf-dist/tex/latex/amsmath/amsgen.sty
File: amsgen.sty 1999/11/30 v2.0 generic functions
\@emptytoks=\toks33
\ex@=\dimen270
))
(e:/software/texlive/2020/texmf-dist/tex/latex/amsmath/amsbsy.sty
Package: amsbsy 1999/11/29 v1.2d Bold Symbols
\pmbraise@=\dimen271
)
(e:/software/texlive/2020/texmf-dist/tex/latex/amsmath/amsopn.sty
Package: amsopn 2016/03/08 v2.02 operator names
)
\inf@bad=\count307
LaTeX Info: Redefining \frac on input line 234.
\uproot@=\count308
\leftroot@=\count309
LaTeX Info: Redefining \overline on input line 399.
\classnum@=\count310
\DOTSCASE@=\count311
LaTeX Info: Redefining \ldots on input line 496.
LaTeX Info: Redefining \dots on input line 499.
LaTeX Info: Redefining \cdots on input line 620.
\Mathstrutbox@=\box73
\strutbox@=\box74
\big@size=\dimen272
LaTeX Font Info:    Redeclaring font encoding OML on input line 743.
LaTeX Font Info:    Redeclaring font encoding OMS on input line 744.
\macc@depth=\count312
\c@MaxMatrixCols=\count313
\dotsspace@=\muskip17
\c@parentequation=\count314
\dspbrk@lvl=\count315
\tag@help=\toks34
\row@=\count316
\column@=\count317
\maxfields@=\count318
\andhelp@=\toks35
\eqnshift@=\dimen273
\alignsep@=\dimen274
\tagshift@=\dimen275
\tagwidth@=\dimen276
\totwidth@=\dimen277
\lineht@=\dimen278
\@envbody=\toks36
\multlinegap=\skip58
\multlinetaggap=\skip59
\mathdisplay@stack=\toks37
LaTeX Info: Redefining \[ on input line 2923.
LaTeX Info: Redefining \] on input line 2924.
)
(e:/software/texlive/2020/texmf-dist/tex/latex/amscls/amsthm.sty
Package: amsthm 2020/05/29 v2.20.6
\thm@style=\toks38
\thm@bodyfont=\toks39
\thm@headfont=\toks40
\thm@notefont=\toks41
\thm@headpunct=\toks42
\thm@preskip=\skip60
\thm@postskip=\skip61
\thm@headsep=\skip62
\dth@everypar=\toks43
)
\c@theorem=\count319
)
(e:/software/texlive/2020/texmf-dist/tex/latex/beamer/beamerbasethemes.sty))
(e:/software/texlive/2020/texmf-dist/tex/latex/beamer/beamerthemedefault.sty
(e:/software/texlive/2020/texmf-dist/tex/latex/beamer/beamerfontthemedefault.st
y)
(e:/software/texlive/2020/texmf-dist/tex/latex/beamer/beamercolorthemedefault.s
ty)
(e:/software/texlive/2020/texmf-dist/tex/latex/beamer/beamerinnerthemedefault.s
ty
\beamer@dima=\dimen279
\beamer@dimb=\dimen280
)
(e:/software/texlive/2020/texmf-dist/tex/latex/beamer/beamerouterthemedefault.s
ty)))
(e:/software/texlive/2020/texmf-dist/tex/latex/beamer/beamerthemeMadrid.sty
(e:/software/texlive/2020/texmf-dist/tex/latex/beamer/beamercolorthemewhale.sty
)
(e:/software/texlive/2020/texmf-dist/tex/latex/beamer/beamercolorthemeorchid.st
y)
(e:/software/texlive/2020/texmf-dist/tex/latex/beamer/beamerinnerthemerounded.s
ty)
(e:/software/texlive/2020/texmf-dist/tex/latex/beamer/beamerouterthemeinfolines
.sty))
(e:/software/texlive/2020/texmf-dist/tex/latex/beamer/beamercolorthemebeaver.st
y) (e:/software/texlive/2020/texmf-dist/tex/latex/subfigure/subfigure.sty
Package: subfigure 2002/03/15 v2.1.5 subfigure package
\subfigtopskip=\skip63
\subfigcapskip=\skip64
\subfigcaptopadj=\dimen281
\subfigbottomskip=\skip65
\subfigcapmargin=\dimen282
\subfiglabelskip=\skip66
\c@subfigure=\count320
\c@lofdepth=\count321
\c@subtable=\count322
\c@lotdepth=\count323

****************************************
* Local config file subfigure.cfg used *
****************************************
(e:/software/texlive/2020/texmf-dist/tex/latex/subfigure/subfigure.cfg)
\subfig@top=\skip67
\subfig@bottom=\skip68
)
(e:/software/texlive/2020/texmf-dist/tex/latex/booktabs/booktabs.sty
Package: booktabs 2020/01/12 v1.61803398 Publication quality tables
\heavyrulewidth=\dimen283
\lightrulewidth=\dimen284
\cmidrulewidth=\dimen285
\belowrulesep=\dimen286
\belowbottomsep=\dimen287
\aboverulesep=\dimen288
\abovetopsep=\dimen289
\cmidrulesep=\dimen290
\cmidrulekern=\dimen291
\defaultaddspace=\dimen292
\@cmidla=\count324
\@cmidlb=\count325
\@aboverulesep=\dimen293
\@belowrulesep=\dimen294
\@thisruleclass=\count326
\@lastruleclass=\count327
\@thisrulewidth=\dimen295
)
\sympureletters=\mathgroup6
LaTeX Font Info:    Overwriting symbol font `pureletters' in version `bold'
(Font)                  OT1/mathkerncmss/m/sl --> OT1/mathkerncmss/bx/sl on inp
ut line 83.

(e:/software/texlive/2020/texmf-dist/tex/latex/tools/bm.sty
Package: bm 2019/07/24 v1.2d Bold Symbol Support (DPC/FMi)
\symboldoperators=\mathgroup7
\symboldletters=\mathgroup8
\symboldsymbols=\mathgroup9
\symboldpureletters=\mathgroup10
LaTeX Font Info:    Redeclaring math alphabet \mathbf on input line 141.
LaTeX Info: Redefining \bm on input line 209.
)
(e:/software/texlive/2020/texmf-dist/tex/latex/l3backend/l3backend-pdftex.def
File: l3backend-pdftex.def 2020-09-24 L3 backend support: PDF output (pdfTeX)
\l__kernel_color_stack_int=\count328
\l__pdf_internal_box=\box75
)
(./fair_slides.aux)
\openout1 = `fair_slides.aux'.

LaTeX Font Info:    Checking defaults for OML/cmm/m/it on input line 93.
LaTeX Font Info:    ... okay on input line 93.
LaTeX Font Info:    Checking defaults for OMS/cmsy/m/n on input line 93.
LaTeX Font Info:    ... okay on input line 93.
LaTeX Font Info:    Checking defaults for OT1/cmr/m/n on input line 93.
LaTeX Font Info:    ... okay on input line 93.
LaTeX Font Info:    Checking defaults for T1/cmr/m/n on input line 93.
LaTeX Font Info:    ... okay on input line 93.
LaTeX Font Info:    Checking defaults for TS1/cmr/m/n on input line 93.
LaTeX Font Info:    ... okay on input line 93.
LaTeX Font Info:    Checking defaults for OMX/cmex/m/n on input line 93.
LaTeX Font Info:    ... okay on input line 93.
LaTeX Font Info:    Checking defaults for U/cmr/m/n on input line 93.
LaTeX Font Info:    ... okay on input line 93.
LaTeX Font Info:    Checking defaults for PD1/pdf/m/n on input line 93.
LaTeX Font Info:    ... okay on input line 93.

*geometry* driver: auto-detecting
*geometry* detected driver: pdftex
*geometry* verbose mode - [ preamble ] result:
* driver: pdftex
* paper: custom
* layout: <same size as paper>
* layoutoffset:(h,v)=(0.0pt,0.0pt)
* modes: includehead includefoot 
* h-part:(L,W,R)=(10.95003pt, 342.2953pt, 10.95003pt)
* v-part:(T,H,B)=(0.0pt, 273.14662pt, 0.0pt)
* \paperwidth=364.19536pt
* \paperheight=273.14662pt
* \textwidth=342.2953pt
* \textheight=244.6939pt
* \oddsidemargin=-61.31996pt
* \evensidemargin=-61.31996pt
* \topmargin=-72.26999pt
* \headheight=14.22636pt
* \headsep=0.0pt
* \topskip=11.0pt
* \footskip=14.22636pt
* \marginparwidth=4.0pt
* \marginparsep=10.0pt
* \columnsep=10.0pt
* \skip\footins=10.0pt plus 4.0pt minus 2.0pt
* \hoffset=0.0pt
* \voffset=0.0pt
* \mag=1000
* \@twocolumnfalse
* \@twosidefalse
* \@mparswitchfalse
* \@reversemarginfalse
* (1in=72.27pt=25.4mm, 1cm=28.453pt)

(e:/software/texlive/2020/texmf-dist/tex/context/base/mkii/supp-pdf.mkii
[Loading MPS to PDF converter (version 2006.09.02).]
\scratchcounter=\count329
\scratchdimen=\dimen296
\scratchbox=\box76
\nofMPsegments=\count330
\nofMParguments=\count331
\everyMPshowfont=\toks44
\MPscratchCnt=\count332
\MPscratchDim=\dimen297
\MPnumerator=\count333
\makeMPintoPDFobject=\count334
\everyMPtoPDFconversion=\toks45
) (e:/software/texlive/2020/texmf-dist/tex/latex/epstopdf-pkg/epstopdf-base.sty
Package: epstopdf-base 2020-01-24 v2.11 Base part for package epstopdf
Package epstopdf-base Info: Redefining graphics rule for `.eps' on input line 4
85.
(e:/software/texlive/2020/texmf-dist/tex/latex/latexconfig/epstopdf-sys.cfg
File: epstopdf-sys.cfg 2010/07/13 v1.3 Configuration of (r)epstopdf for TeX Liv
e
))
Package hyperref Info: Link coloring OFF on input line 93.

(e:/software/texlive/2020/texmf-dist/tex/latex/hyperref/nameref.sty
Package: nameref 2019/09/16 v2.46 Cross-referencing by name of section

(e:/software/texlive/2020/texmf-dist/tex/latex/refcount/refcount.sty
Package: refcount 2019/12/15 v3.6 Data extraction from label references (HO)
)
(e:/software/texlive/2020/texmf-dist/tex/generic/gettitlestring/gettitlestring.
sty
Package: gettitlestring 2019/12/15 v1.6 Cleanup title references (HO)
)
\c@section@level=\count335
)
LaTeX Info: Redefining \ref on input line 93.
LaTeX Info: Redefining \pageref on input line 93.
LaTeX Info: Redefining \nameref on input line 93.
 (./fair_slides.out) (./fair_slides.out)
\@outlinefile=\write5
\openout5 = `fair_slides.out'.

LaTeX Font Info:    Overwriting symbol font `operators' in version `normal'
(Font)                  OT1/cmr/m/n --> OT1/cmss/m/n on input line 93.
LaTeX Font Info:    Overwriting symbol font `operators' in version `bold'
(Font)                  OT1/cmr/bx/n --> OT1/cmss/b/n on input line 93.
\symnumbers=\mathgroup11
LaTeX Font Info:    Redeclaring symbol font `pureletters' on input line 93.
LaTeX Font Info:    Overwriting symbol font `pureletters' in version `normal'
(Font)                  OT1/mathkerncmss/m/sl --> OT1/cmss/m/it on input line 9
3.
LaTeX Font Info:    Overwriting symbol font `pureletters' in version `bold'
(Font)                  OT1/mathkerncmss/bx/sl --> OT1/cmss/m/it on input line 
93.
LaTeX Font Info:    Overwriting math alphabet `\mathrm' in version `normal'
(Font)                  OT1/cmss/m/n --> OT1/cmr/m/n on input line 93.
LaTeX Font Info:    Redeclaring math alphabet \mathbf on input line 93.
LaTeX Font Info:    Redeclaring math alphabet \mathsf on input line 93.
LaTeX Font Info:    Overwriting math alphabet `\mathsf' in version `normal'
(Font)                  OT1/cmss/m/n --> OT1/cmss/m/n on input line 93.
LaTeX Font Info:    Overwriting math alphabet `\mathsf' in version `bold'
(Font)                  OT1/cmss/bx/n --> OT1/cmss/m/n on input line 93.
LaTeX Font Info:    Redeclaring math alphabet \mathit on input line 93.
LaTeX Font Info:    Overwriting math alphabet `\mathit' in version `normal'
(Font)                  OT1/cmr/m/it --> OT1/cmss/m/it on input line 93.
LaTeX Font Info:    Overwriting math alphabet `\mathit' in version `bold'
(Font)                  OT1/cmr/bx/it --> OT1/cmss/m/it on input line 93.
LaTeX Font Info:    Redeclaring math alphabet \mathtt on input line 93.
LaTeX Font Info:    Overwriting math alphabet `\mathtt' in version `normal'
(Font)                  OT1/cmtt/m/n --> OT1/cmtt/m/n on input line 93.
LaTeX Font Info:    Overwriting math alphabet `\mathtt' in version `bold'
(Font)                  OT1/cmtt/m/n --> OT1/cmtt/m/n on input line 93.
LaTeX Font Info:    Overwriting symbol font `numbers' in version `bold'
(Font)                  OT1/cmss/m/n --> OT1/cmss/b/n on input line 93.
LaTeX Font Info:    Overwriting symbol font `pureletters' in version `bold'
(Font)                  OT1/cmss/m/it --> OT1/cmss/b/it on input line 93.
LaTeX Font Info:    Overwriting math alphabet `\mathrm' in version `bold'
(Font)                  OT1/cmss/b/n --> OT1/cmr/b/n on input line 93.
LaTeX Font Info:    Overwriting math alphabet `\mathbf' in version `bold'
(Font)                  OT1/cmss/b/n --> OT1/cmss/b/n on input line 93.
LaTeX Font Info:    Overwriting math alphabet `\mathsf' in version `bold'
(Font)                  OT1/cmss/m/n --> OT1/cmss/b/n on input line 93.
LaTeX Font Info:    Overwriting math alphabet `\mathit' in version `bold'
(Font)                  OT1/cmss/m/it --> OT1/cmss/b/it on input line 93.
LaTeX Font Info:    Overwriting math alphabet `\mathtt' in version `bold'
(Font)                  OT1/cmtt/m/n --> OT1/cmtt/b/n on input line 93.
LaTeX Font Info:    Redeclaring symbol font `pureletters' on input line 93.
LaTeX Font Info:    Overwriting symbol font `pureletters' in version `normal'
(Font)                  OT1/cmss/m/it --> OT1/mathkerncmss/m/sl on input line 9
3.
LaTeX Font Info:    Overwriting symbol font `pureletters' in version `bold'
(Font)                  OT1/cmss/b/it --> OT1/mathkerncmss/m/sl on input line 9
3.
LaTeX Font Info:    Overwriting symbol font `pureletters' in version `bold'
(Font)                  OT1/mathkerncmss/m/sl --> OT1/mathkerncmss/bx/sl on inp
ut line 93.

(e:/software/texlive/2020/texmf-dist/tex/latex/translator/translator-basic-dict
ionary-English.dict
Dictionary: translator-basic-dictionary, Language: English 
)
(e:/software/texlive/2020/texmf-dist/tex/latex/translator/translator-bibliograp
hy-dictionary-English.dict
Dictionary: translator-bibliography-dictionary, Language: English 
)
(e:/software/texlive/2020/texmf-dist/tex/latex/translator/translator-environmen
t-dictionary-English.dict
Dictionary: translator-environment-dictionary, Language: English 
)
(e:/software/texlive/2020/texmf-dist/tex/latex/translator/translator-months-dic
tionary-English.dict
Dictionary: translator-months-dictionary, Language: English 
)
(e:/software/texlive/2020/texmf-dist/tex/latex/translator/translator-numbers-di
ctionary-English.dict
Dictionary: translator-numbers-dictionary, Language: English 
)
(e:/software/texlive/2020/texmf-dist/tex/latex/translator/translator-theorem-di
ctionary-English.dict
Dictionary: translator-theorem-dictionary, Language: English 
) (./fair_slides.nav) [1

{e:/software/texlive/2020/texmf-var/fonts/map/pdftex/updmap/pdftex.map}] (./fai
r_slides.toc) [2

] [3

]
LaTeX Font Info:    Trying to load font information for U+msa on input line 148
.

(e:/software/texlive/2020/texmf-dist/tex/latex/amsfonts/umsa.fd
File: umsa.fd 2013/01/14 v3.01 AMS symbols A
)
LaTeX Font Info:    Trying to load font information for U+msb on input line 148
.

(e:/software/texlive/2020/texmf-dist/tex/latex/amsfonts/umsb.fd
File: umsb.fd 2013/01/14 v3.01 AMS symbols B
)
LaTeX Font Info:    Trying to load font information for OT1+mathkerncmss on inp
ut line 148.

(e:/software/texlive/2020/texmf-dist/tex/latex/sansmathaccent/ot1mathkerncmss.f
d
File: ot1mathkerncmss.fd 2020/01/31 Fontinst v1.933 font definitions for OT1/ma
thkerncmss.
)

LaTeX Font Warning: Font shape `OT1/cmss/b/n' undefined
(Font)              using `OT1/cmss/m/n' instead on input line 148.

[4

]
<image001.png, id=173, 469.755pt x 176.53453pt>
File: image001.png Graphic file (type png)
<use image001.png>
Package pdftex.def Info: image001.png  used on input line 156.
(pdftex.def)             Requested size: 308.06367pt x 115.76968pt.
 [5

 <./image001.png>]
<image002.png, id=202, 1074.26344pt x 103.13531pt>
File: image002.png Graphic file (type png)
<use image002.png>
Package pdftex.def Info: image002.png  used on input line 172.
(pdftex.def)             Requested size: 273.83728pt x 26.28891pt.
 [6

 <./image002.png>]
<image003.png, id=231, 1367.1075pt x 673.76718pt>
File: image003.png Graphic file (type png)
<use image003.png>
Package pdftex.def Info: image003.png  used on input line 180.
(pdftex.def)             Requested size: 308.06367pt x 151.82753pt.
 [7

 <./image003.png>]
<image004.png, id=259, 1367.8603pt x 620.3175pt>
File: image004.png Graphic file (type png)
<use image004.png>
Package pdftex.def Info: image004.png  used on input line 188.
(pdftex.def)             Requested size: 308.06367pt x 139.69792pt.
 [8

 <./image004.png>]
<image005.png, id=287, 1361.085pt x 431.36156pt>
File: image005.png Graphic file (type png)
<use image005.png>
Package pdftex.def Info: image005.png  used on input line 199.
(pdftex.def)             Requested size: 308.06367pt x 97.63138pt.
 [9

 <./image005.png>]
<image006.png, id=315, 1378.39969pt x 362.85562pt>
File: image006.png Graphic file (type png)
<use image006.png>
Package pdftex.def Info: image006.png  used on input line 208.
(pdftex.def)             Requested size: 342.2953pt x 90.10463pt.
 [10

 <./image006.png>] [11

]
<image007.png, id=370, 469.755pt x 138.5175pt>
File: image007.png Graphic file (type png)
<use image007.png>
Package pdftex.def Info: image007.png  used on input line 234.
(pdftex.def)             Requested size: 342.2953pt x 100.93304pt.
<image008.png, id=371, 469.755pt x 77.53969pt>
File: image008.png Graphic file (type png)
<use image008.png>
Package pdftex.def Info: image008.png  used on input line 234.
(pdftex.def)             Requested size: 239.60567pt x 39.54944pt.
 [12

 <./image007.png> <./image008.png>]
<image009.png, id=400, 469.3786pt x 165.61874pt>
File: image009.png Graphic file (type png)
<use image009.png>
Package pdftex.def Info: image009.png  used on input line 245.
(pdftex.def)             Requested size: 239.60567pt x 84.54277pt.
 [13

 <./image009.png>]
<image010.png, id=432, 469.3786pt x 212.66953pt>
File: image010.png Graphic file (type png)
<use image010.png>
Package pdftex.def Info: image010.png  used on input line 253.
(pdftex.def)             Requested size: 308.06367pt x 139.58025pt.
 [14

 <./image010.png>]
<image011.png, id=460, 469.755pt x 79.04532pt>
File: image011.png Graphic file (type png)
<use image011.png>
Package pdftex.def Info: image011.png  used on input line 264.
(pdftex.def)             Requested size: 239.60567pt x 40.31738pt.
 [15

 <./image011.png>]
<image012.png, id=488, 469.755pt x 198.7425pt>
File: image012.png Graphic file (type png)
<use image012.png>
Package pdftex.def Info: image012.png  used on input line 272.
(pdftex.def)             Requested size: 308.06367pt x 130.33345pt.
 [16

 <./image012.png>]
<image013.png, id=515, 469.755pt x 263.48438pt>
File: image013.png Graphic file (type png)
<use image013.png>
Package pdftex.def Info: image013.png  used on input line 289.
(pdftex.def)             Requested size: 239.60567pt x 134.39133pt.
 [17

 <./image013.png>]
<image014.png, id=543, 470.13141pt x 392.21532pt>
File: image014.png Graphic file (type png)
<use image014.png>
Package pdftex.def Info: image014.png  used on input line 303.
(pdftex.def)             Requested size: 171.14764pt x 142.78336pt.
 [18

 <./image014.png>] [19

]
<image015.png, id=599, 469.3786pt x 373.395pt>
File: image015.png Graphic file (type png)
<use image015.png>
Package pdftex.def Info: image015.png  used on input line 333.
(pdftex.def)             Requested size: 136.91603pt x 108.9142pt.

[20

 <./image015.png>]
<image016.png, id=628, 470.50781pt x 104.64093pt>
File: image016.png Graphic file (type png)
<use image016.png>
Package pdftex.def Info: image016.png  used on input line 341.
(pdftex.def)             Requested size: 273.83728pt x 60.90092pt.
 [21

 <./image016.png>]
<image017.png, id=656, 469.3786pt x 316.93407pt>
File: image017.png Graphic file (type png)
<use image017.png>
Package pdftex.def Info: image017.png  used on input line 349.
(pdftex.def)             Requested size: 273.83728pt x 184.90031pt.
 [22

 <./image017.png>]
<image018.png, id=684, 469.755pt x 362.47922pt>
File: image018.png Graphic file (type png)
<use image018.png>
Package pdftex.def Info: image018.png  used on input line 357.
(pdftex.def)             Requested size: 239.60567pt x 184.88406pt.
 [23

 <./image018.png>]
<image019.png, id=713, 469.755pt x 112.16907pt>
File: image019.png Graphic file (type png)
<use image019.png>
Package pdftex.def Info: image019.png  used on input line 366.
(pdftex.def)             Requested size: 273.83728pt x 65.3867pt.
<image020.png, id=714, 469.755pt x 333.87234pt>
File: image020.png Graphic file (type png)
<use image020.png>
Package pdftex.def Info: image020.png  used on input line 366.
(pdftex.def)             Requested size: 239.60567pt x 170.29301pt.

Overfull \vbox (15.60913pt too high) detected at line 366
 []

[24

 <./image019.png> <./image020.png>]
<image021.png, id=742, 470.13141pt x 106.52296pt>
File: image021.png Graphic file (type png)
<use image021.png>
Package pdftex.def Info: image021.png  used on input line 374.
(pdftex.def)             Requested size: 273.83728pt x 62.04666pt.
<image022.png, id=743, 470.13141pt x 356.45673pt>
File: image022.png Graphic file (type png)
<use image022.png>
Package pdftex.def Info: image022.png  used on input line 374.
(pdftex.def)             Requested size: 239.60567pt x 181.67087pt.

Overfull \vbox (23.64694pt too high) detected at line 374
 []

[25

 <./image021.png> <./image022.png>]
\tf@nav=\write6
\openout6 = `fair_slides.nav'.

\tf@toc=\write7
\openout7 = `fair_slides.toc'.

\tf@snm=\write8
\openout8 = `fair_slides.snm'.

 (./fair_slides.aux)
Package rerunfilecheck Info: File `fair_slides.out' has not changed.
(rerunfilecheck)             Checksum: ECD35A01F05AC495A91EA771515F77FD;307.


LaTeX Font Warning: Some font shapes were not available, defaults substituted.

 ) 
Here is how much of TeX's memory you used:
 18497 strings out of 479383
 356487 string characters out of 5868871
 650330 words of memory out of 5000000
 35057 multiletter control sequences out of 15000+600000
 416221 words of font info for 65 fonts, out of 8000000 for 9000
 1141 hyphenation exceptions out of 8191
 125i,15n,126p,415b,590s stack positions out of 5000i,500n,10000p,200000b,80000s
{e:/software/texlive/2020/texmf-dist/fonts/enc/dvips/cm-super/cm-super-t1.enc
}<e:/software/texlive/2020/texmf-dist/fonts/type1/public/amsfonts/cm/cmbx10.pfb
><e:/software/texlive/2020/texmf-dist/fonts/type1/public/amsfonts/cm/cmex10.pfb
><e:/software/texlive/2020/texmf-dist/fonts/type1/public/amsfonts/cmextra/cmex8
.pfb><e:/software/texlive/2020/texmf-dist/fonts/type1/public/amsfonts/cm/cmmi10
.pfb><e:/software/texlive/2020/texmf-dist/fonts/type1/public/amsfonts/cm/cmmi6.
pfb><e:/software/texlive/2020/texmf-dist/fonts/type1/public/amsfonts/cm/cmmi8.p
fb><e:/software/texlive/2020/texmf-dist/fonts/type1/public/amsfonts/cm/cmmib10.
pfb><e:/software/texlive/2020/texmf-dist/fonts/type1/public/amsfonts/cm/cmss10.
pfb><e:/software/texlive/2020/texmf-dist/fonts/type1/public/amsfonts/cm/cmss12.
pfb><e:/software/texlive/2020/texmf-dist/fonts/type1/public/amsfonts/cm/cmss8.p
fb><e:/software/texlive/2020/texmf-dist/fonts/type1/public/amsfonts/cm/cmssbx10
.pfb><e:/software/texlive/2020/texmf-dist/fonts/type1/public/amsfonts/cm/cmssi1
0.pfb><e:/software/texlive/2020/texmf-dist/fonts/type1/public/amsfonts/cm/cmssi
8.pfb><e:/software/texlive/2020/texmf-dist/fonts/type1/public/amsfonts/cm/cmsy1
0.pfb><e:/software/texlive/2020/texmf-dist/fonts/type1/public/amsfonts/cm/cmsy6
.pfb><e:/software/texlive/2020/texmf-dist/fonts/type1/public/amsfonts/cm/cmsy8.
pfb><e:/software/texlive/2020/texmf-dist/fonts/type1/public/cm-super/sfso1000.p
fb>
Output written on fair_slides.pdf (25 pages, 2850408 bytes).
PDF statistics:
 843 PDF objects out of 1000 (max. 8388607)
 735 compressed objects within 8 object streams
 56 named destinations out of 1000 (max. 500000)
 223 words of extra memory for PDF output out of 10000 (max. 10000000)

